<?xml version="1.0" encoding="UTF-8"?>
<testsuite name="com.technologyconversations.kata.marsrover.RoverSpec" tests="12" skipped="0" failures="0" errors="0" timestamp="2025-03-12T19:43:19" hostname="Nicks-MacBook-Air-2.local" time="0.005">
  <properties/>
  <testcase name="receiveSingleCommandShouldMoveBackwardWhenCommandIsB" classname="com.technologyconversations.kata.marsrover.RoverSpec" time="0.0"/>
  <testcase name="newInstanceShouldSetRoverCoordinatesAndDirection" classname="com.technologyconversations.kata.marsrover.RoverSpec" time="0.002"/>
  <testcase name="receiveCommandsShouldStopWhenObstacleIsFound" classname="com.technologyconversations.kata.marsrover.RoverSpec" time="0.0"/>
  <testcase name="receiveSingleCommandShouldMoveForwardWhenCommandIsF" classname="com.technologyconversations.kata.marsrover.RoverSpec" time="0.0"/>
  <testcase name="positionShouldReturnXYAndDirection" classname="com.technologyconversations.kata.marsrover.RoverSpec" time="0.0"/>
  <testcase name="receiveCommandShouldWhatFromOneEdgeOfTheGridToAnother" classname="com.technologyconversations.kata.marsrover.RoverSpec" time="0.0"/>
  <testcase name="receiveSingleCommandShouldTurnLeftWhenCommandIsL" classname="com.technologyconversations.kata.marsrover.RoverSpec" time="0.0"/>
  <testcase name="receiveCommandsShouldBeAbleToReceiveMultipleCommands" classname="com.technologyconversations.kata.marsrover.RoverSpec" time="0.0"/>
  <testcase name="receiveSingleCommandShouldThrowExceptionWhenCommandIsUnknown" classname="com.technologyconversations.kata.marsrover.RoverSpec" time="0.0"/>
  <testcase name="receiveSingleCommandShouldTurnRightWhenCommandIsR" classname="com.technologyconversations.kata.marsrover.RoverSpec" time="0.0"/>
  <testcase name="receiveSingleCommandShouldIgnoreCase" classname="com.technologyconversations.kata.marsrover.RoverSpec" time="0.0"/>
  <testcase name="positionShouldReturnNokWhenObstacleIsFound" classname="com.technologyconversations.kata.marsrover.RoverSpec" time="0.0"/>
  <system-out><![CDATA[]]></system-out>
  <system-err><![CDATA[]]></system-err>
</testsuite>
